<?xml version="1.0" encoding="utf-8" standalone="no"?>
<!--This file represents the results of running a test suite-->
<test-results name="D:\WORK\GITHUB\NWayAssocSetChach\NWayAssocSetChach\NWayAssocSetChach\TestProject\bin\Debug\TestProjectForFeatureVertInt.exe" total="5" errors="0" failures="0" not-run="0" inconclusive="0" ignored="0" skipped="0" invalid="0" date="2019-12-13" time="11:55:10">
  <environment nunit-version="2.5.10.11092" clr-version="4.0.30319.42000" os-version="Microsoft Windows NT 6.2.9200.0" platform="Win32NT" cwd="D:\WORK\GITHUB\NWayAssocSetChach\NWayAssocSetChach\NWayAssocSetChach\TestProject\bin\Debug" machine-name="PYATAK" user="pyatak" user-domain="ASCON-CHEL" />
  <culture-info current-culture="ru-RU" current-uiculture="ru-RU" />
  <test-suite type="Assembly" name="D:\WORK\GITHUB\NWayAssocSetChach\NWayAssocSetChach\NWayAssocSetChach\TestProject\bin\Debug\TestProjectForFeatureVertInt.exe" executed="True" result="Success" success="True" time="0.365" asserts="0">
    <results>
      <test-suite type="Namespace" name="TestProject" executed="True" result="Success" success="True" time="0.356" asserts="0">
        <results>
          <test-suite type="TestFixture" name="TestAlgorithms" executed="True" result="Success" success="True" time="0.342" asserts="0">
            <results>
              <test-case name="TestProject.TestAlgorithms.TestMethodDelLastAdded" executed="True" result="Success" success="True" time="0.120" asserts="3" />
              <test-case name="TestProject.TestAlgorithms.TestMethodDelResentAdded" executed="True" result="Success" success="True" time="0.103" asserts="3" />
              <test-case name="TestProject.TestAlgorithms.TestUserAlgorithm" executed="True" result="Success" success="True" time="0.103" asserts="3" />
            </results>
          </test-suite>
          <test-suite type="TestFixture" name="TestBaseLogic" executed="True" result="Success" success="True" time="0.008" asserts="0">
            <results>
              <test-case name="TestProject.TestBaseLogic.TestMethodGetNull" executed="True" result="Success" success="True" time="0.001" asserts="1" />
              <test-case name="TestProject.TestBaseLogic.TestMethodPutGet" executed="True" result="Success" success="True" time="0.001" asserts="1" />
            </results>
          </test-suite>
        </results>
      </test-suite>
    </results>
  </test-suite>
</test-results>